{"level":"info","message":"Successfully connected to the database.","timestamp":"2023-08-05T17:51:46.028Z"}
{"level":"info","message":"Consumer is ready to consume messages...","timestamp":"2023-08-05T17:51:46.122Z"}
{"level":"info","message":"Command output: test-command\r\n","timestamp":"2023-08-05T17:52:50.003Z"}
{"level":"info","message":"Job {\"id\":\"lkybbsl6-24kzi\",\"taskId\":2,\"dateTime\":\"2023-08-05T05:00:00Z\",\"command\":\"test-command\",\"retries\":0} executed successfully with output: test-command\r\n","timestamp":"2023-08-05T17:52:50.004Z"}
{"level":"info","message":"Command output: test-command\r\n","timestamp":"2023-08-05T17:52:50.005Z"}
{"level":"info","message":"Job {\"id\":\"lkybbsl6-pk8ib\",\"taskId\":2,\"dateTime\":\"2023-08-05T06:00:00Z\",\"command\":\"test-command\",\"retries\":0} executed successfully with output: test-command\r\n","timestamp":"2023-08-05T17:52:50.006Z"}
{"level":"info","message":"Command output: test-command\r\n","timestamp":"2023-08-05T17:52:50.006Z"}
{"level":"info","message":"Job {\"id\":\"lkybbsl6-reywg\",\"taskId\":2,\"dateTime\":\"2023-08-05T10:00:00Z\",\"command\":\"test-command\",\"retries\":0} executed successfully with output: test-command\r\n","timestamp":"2023-08-05T17:52:50.007Z"}
{"level":"info","message":"Command output: test-command\r\n","timestamp":"2023-08-05T17:52:50.008Z"}
{"level":"info","message":"Job {\"id\":\"lkybbsl6-0tc68\",\"taskId\":2,\"dateTime\":\"2023-08-05T13:00:00Z\",\"command\":\"test-command\",\"retries\":0} executed successfully with output: test-command\r\n","timestamp":"2023-08-05T17:52:50.008Z"}
{"level":"info","message":"Command output: test-command\r\n","timestamp":"2023-08-05T17:52:50.009Z"}
{"level":"info","message":"Job {\"id\":\"lkybbsl6-zhqzd\",\"taskId\":2,\"dateTime\":\"2023-08-05T07:00:00Z\",\"command\":\"test-command\",\"retries\":0} executed successfully with output: test-command\r\n","timestamp":"2023-08-05T17:52:50.010Z"}
{"level":"info","message":"Command output: test-command\r\n","timestamp":"2023-08-05T17:52:50.011Z"}
{"level":"info","message":"Job {\"id\":\"lkybbsl6-laqps\",\"taskId\":2,\"dateTime\":\"2023-08-05T16:00:00Z\",\"command\":\"test-command\",\"retries\":0} executed successfully with output: test-command\r\n","timestamp":"2023-08-05T17:52:50.011Z"}
{"level":"info","message":"Command output: test-command\r\n","timestamp":"2023-08-05T17:52:50.012Z"}
{"level":"info","message":"Job {\"id\":\"lkybbsl6-q6n8a\",\"taskId\":2,\"dateTime\":\"2023-08-05T17:00:00Z\",\"command\":\"test-command\",\"retries\":0} executed successfully with output: test-command\r\n","timestamp":"2023-08-05T17:52:50.013Z"}
{"level":"info","message":"Command output: test-command\r\n","timestamp":"2023-08-05T17:52:50.013Z"}
{"level":"info","message":"Job {\"id\":\"lkybbsl6-kzc9p\",\"taskId\":2,\"dateTime\":\"2023-08-05T12:00:00Z\",\"command\":\"test-command\",\"retries\":0} executed successfully with output: test-command\r\n","timestamp":"2023-08-05T17:52:50.014Z"}
{"level":"info","message":"Command output: test-command\r\n","timestamp":"2023-08-05T17:52:50.014Z"}
{"level":"info","message":"Job {\"id\":\"lkybbsl6-k3olp\",\"taskId\":2,\"dateTime\":\"2023-08-05T02:00:00Z\",\"command\":\"test-command\",\"retries\":0} executed successfully with output: test-command\r\n","timestamp":"2023-08-05T17:52:50.015Z"}
{"level":"info","message":"Command output: test-command\r\n","timestamp":"2023-08-05T17:52:50.015Z"}
{"level":"info","message":"Job {\"id\":\"lkybbsl6-jgzof\",\"taskId\":2,\"dateTime\":\"2023-08-05T03:00:00Z\",\"command\":\"test-command\",\"retries\":0} executed successfully with output: test-command\r\n","timestamp":"2023-08-05T17:52:50.016Z"}
{"level":"info","message":"Command output: test-command\r\n","timestamp":"2023-08-05T17:52:50.016Z"}
{"level":"info","message":"Job {\"id\":\"lkybbsl6-5rl85\",\"taskId\":2,\"dateTime\":\"2023-08-05T15:00:00Z\",\"command\":\"test-command\",\"retries\":0} executed successfully with output: test-command\r\n","timestamp":"2023-08-05T17:52:50.016Z"}
{"level":"info","message":"Command output: test-command\r\n","timestamp":"2023-08-05T17:52:50.017Z"}
{"level":"info","message":"Job {\"id\":\"lkybbsl6-x9vjl\",\"taskId\":2,\"dateTime\":\"2023-08-05T01:00:00Z\",\"command\":\"test-command\",\"retries\":0} executed successfully with output: test-command\r\n","timestamp":"2023-08-05T17:52:50.017Z"}
{"level":"info","message":"Command output: test-command\r\n","timestamp":"2023-08-05T17:52:50.018Z"}
{"level":"info","message":"Job {\"id\":\"lkybbsl6-1miaf\",\"taskId\":2,\"dateTime\":\"2023-08-05T00:00:00Z\",\"command\":\"test-command\",\"retries\":0} executed successfully with output: test-command\r\n","timestamp":"2023-08-05T17:52:50.018Z"}
{"level":"info","message":"Command output: test-command\r\n","timestamp":"2023-08-05T17:52:50.018Z"}
{"level":"info","message":"Job {\"id\":\"lkybbsl6-vrc3d\",\"taskId\":2,\"dateTime\":\"2023-08-05T08:00:00Z\",\"command\":\"test-command\",\"retries\":0} executed successfully with output: test-command\r\n","timestamp":"2023-08-05T17:52:50.019Z"}
{"level":"info","message":"Command output: test-command\r\n","timestamp":"2023-08-05T17:52:50.019Z"}
{"level":"info","message":"Job {\"id\":\"lkybbsl6-asead\",\"taskId\":2,\"dateTime\":\"2023-08-05T04:00:00Z\",\"command\":\"test-command\",\"retries\":0} executed successfully with output: test-command\r\n","timestamp":"2023-08-05T17:52:50.020Z"}
{"level":"info","message":"Command output: test-command\r\n","timestamp":"2023-08-05T17:52:50.020Z"}
{"level":"info","message":"Job {\"id\":\"lkybbsl6-srxt8\",\"taskId\":2,\"dateTime\":\"2023-08-05T09:00:00Z\",\"command\":\"test-command\",\"retries\":0} executed successfully with output: test-command\r\n","timestamp":"2023-08-05T17:52:50.021Z"}
{"level":"info","message":"Command output: test-command\r\n","timestamp":"2023-08-05T17:52:50.021Z"}
{"level":"info","message":"Job {\"id\":\"lkybbsl6-c2mg6\",\"taskId\":2,\"dateTime\":\"2023-08-05T11:00:00Z\",\"command\":\"test-command\",\"retries\":0} executed successfully with output: test-command\r\n","timestamp":"2023-08-05T17:52:50.022Z"}
{"level":"info","message":"Removing the job [object Object] from redis","timestamp":"2023-08-05T17:52:50.024Z"}
{"level":"info","message":"Removing the job [object Object] from redis","timestamp":"2023-08-05T17:52:50.024Z"}
{"level":"info","message":"Removing the job [object Object] from redis","timestamp":"2023-08-05T17:52:50.025Z"}
{"level":"info","message":"Removing the job [object Object] from redis","timestamp":"2023-08-05T17:52:50.025Z"}
{"level":"info","message":"Removing the job [object Object] from redis","timestamp":"2023-08-05T17:52:50.025Z"}
{"level":"info","message":"Removing the job [object Object] from redis","timestamp":"2023-08-05T17:52:50.026Z"}
{"level":"info","message":"Removing the job [object Object] from redis","timestamp":"2023-08-05T17:52:50.026Z"}
{"level":"info","message":"Removing the job [object Object] from redis","timestamp":"2023-08-05T17:52:50.026Z"}
{"level":"info","message":"Removing the job [object Object] from redis","timestamp":"2023-08-05T17:52:50.026Z"}
{"level":"info","message":"Removing the job [object Object] from redis","timestamp":"2023-08-05T17:52:50.027Z"}
{"level":"info","message":"Removing the job [object Object] from redis","timestamp":"2023-08-05T17:52:50.028Z"}
{"level":"info","message":"Removing the job [object Object] from redis","timestamp":"2023-08-05T17:52:50.028Z"}
{"level":"info","message":"Removing the job [object Object] from redis","timestamp":"2023-08-05T17:52:50.029Z"}
{"level":"info","message":"Removing the job [object Object] from redis","timestamp":"2023-08-05T17:52:50.029Z"}
{"level":"info","message":"Removing the job [object Object] from redis","timestamp":"2023-08-05T17:52:50.029Z"}
{"level":"info","message":"Removing the job [object Object] from redis","timestamp":"2023-08-05T17:52:50.030Z"}
{"level":"info","message":"Removing the job [object Object] from redis","timestamp":"2023-08-05T17:52:50.030Z"}
{"level":"info","message":"Command output: test-command\r\n","timestamp":"2023-08-05T17:52:50.055Z"}
{"level":"info","message":"Job {\"id\":\"lkybbsl6-okjft\",\"taskId\":2,\"dateTime\":\"2023-08-05T14:00:00Z\",\"command\":\"test-command\",\"retries\":0} executed successfully with output: test-command\r\n","timestamp":"2023-08-05T17:52:50.055Z"}
{"level":"info","message":"Removing the job [object Object] from redis","timestamp":"2023-08-05T17:52:50.056Z"}
{"level":"info","message":"Added the execution log: {\"id\":1,\"taskId\":2,\"scheduledTime\":\"2023-08-05T05:00:00.000Z\",\"completionTime\":\"2023-08-05T17:52:50.031Z\",\"output\":\"test-command\\r\\n\",\"status\":\"COMPLETED\",\"updatedAt\":\"2023-08-05T17:52:50.033Z\",\"createdAt\":\"2023-08-05T17:52:50.033Z\"}","timestamp":"2023-08-05T17:52:50.074Z"}
{"level":"info","message":"Added the execution log: {\"id\":6,\"taskId\":2,\"scheduledTime\":\"2023-08-05T16:00:00.000Z\",\"completionTime\":\"2023-08-05T17:52:50.034Z\",\"output\":\"test-command\\r\\n\",\"status\":\"COMPLETED\",\"updatedAt\":\"2023-08-05T17:52:50.034Z\",\"createdAt\":\"2023-08-05T17:52:50.034Z\"}","timestamp":"2023-08-05T17:52:50.075Z"}
{"level":"info","message":"Added the execution log: {\"id\":2,\"taskId\":2,\"scheduledTime\":\"2023-08-05T06:00:00.000Z\",\"completionTime\":\"2023-08-05T17:52:50.033Z\",\"output\":\"test-command\\r\\n\",\"status\":\"COMPLETED\",\"updatedAt\":\"2023-08-05T17:52:50.034Z\",\"createdAt\":\"2023-08-05T17:52:50.034Z\"}","timestamp":"2023-08-05T17:52:50.078Z"}
{"level":"info","message":"Added the execution log: {\"id\":3,\"taskId\":2,\"scheduledTime\":\"2023-08-05T10:00:00.000Z\",\"completionTime\":\"2023-08-05T17:52:50.034Z\",\"output\":\"test-command\\r\\n\",\"status\":\"COMPLETED\",\"updatedAt\":\"2023-08-05T17:52:50.034Z\",\"createdAt\":\"2023-08-05T17:52:50.034Z\"}","timestamp":"2023-08-05T17:52:50.081Z"}
{"level":"info","message":"Added the execution log: {\"id\":4,\"taskId\":2,\"scheduledTime\":\"2023-08-05T13:00:00.000Z\",\"completionTime\":\"2023-08-05T17:52:50.034Z\",\"output\":\"test-command\\r\\n\",\"status\":\"COMPLETED\",\"updatedAt\":\"2023-08-05T17:52:50.034Z\",\"createdAt\":\"2023-08-05T17:52:50.034Z\"}","timestamp":"2023-08-05T17:52:50.082Z"}
{"level":"info","message":"Added the execution log: {\"id\":5,\"taskId\":2,\"scheduledTime\":\"2023-08-05T07:00:00.000Z\",\"completionTime\":\"2023-08-05T17:52:50.034Z\",\"output\":\"test-command\\r\\n\",\"status\":\"COMPLETED\",\"updatedAt\":\"2023-08-05T17:52:50.034Z\",\"createdAt\":\"2023-08-05T17:52:50.034Z\"}","timestamp":"2023-08-05T17:52:50.084Z"}
{"level":"info","message":"Added the execution log: {\"id\":8,\"taskId\":2,\"scheduledTime\":\"2023-08-05T12:00:00.000Z\",\"completionTime\":\"2023-08-05T17:52:50.034Z\",\"output\":\"test-command\\r\\n\",\"status\":\"COMPLETED\",\"updatedAt\":\"2023-08-05T17:52:50.035Z\",\"createdAt\":\"2023-08-05T17:52:50.035Z\"}","timestamp":"2023-08-05T17:52:50.086Z"}
{"level":"info","message":"Added the execution log: {\"id\":7,\"taskId\":2,\"scheduledTime\":\"2023-08-05T17:00:00.000Z\",\"completionTime\":\"2023-08-05T17:52:50.034Z\",\"output\":\"test-command\\r\\n\",\"status\":\"COMPLETED\",\"updatedAt\":\"2023-08-05T17:52:50.034Z\",\"createdAt\":\"2023-08-05T17:52:50.034Z\"}","timestamp":"2023-08-05T17:52:50.088Z"}
{"level":"info","message":"Added the execution log: {\"id\":9,\"taskId\":2,\"scheduledTime\":\"2023-08-05T02:00:00.000Z\",\"completionTime\":\"2023-08-05T17:52:50.035Z\",\"output\":\"test-command\\r\\n\",\"status\":\"COMPLETED\",\"updatedAt\":\"2023-08-05T17:52:50.035Z\",\"createdAt\":\"2023-08-05T17:52:50.035Z\"}","timestamp":"2023-08-05T17:52:50.090Z"}
{"level":"info","message":"Added the execution log: {\"id\":10,\"taskId\":2,\"scheduledTime\":\"2023-08-05T03:00:00.000Z\",\"completionTime\":\"2023-08-05T17:52:50.035Z\",\"output\":\"test-command\\r\\n\",\"status\":\"COMPLETED\",\"updatedAt\":\"2023-08-05T17:52:50.035Z\",\"createdAt\":\"2023-08-05T17:52:50.035Z\"}","timestamp":"2023-08-05T17:52:50.092Z"}
{"level":"info","message":"Added the execution log: {\"id\":11,\"taskId\":2,\"scheduledTime\":\"2023-08-05T15:00:00.000Z\",\"completionTime\":\"2023-08-05T17:52:50.035Z\",\"output\":\"test-command\\r\\n\",\"status\":\"COMPLETED\",\"updatedAt\":\"2023-08-05T17:52:50.035Z\",\"createdAt\":\"2023-08-05T17:52:50.035Z\"}","timestamp":"2023-08-05T17:52:50.093Z"}
{"level":"info","message":"Added the execution log: {\"id\":12,\"taskId\":2,\"scheduledTime\":\"2023-08-05T01:00:00.000Z\",\"completionTime\":\"2023-08-05T17:52:50.035Z\",\"output\":\"test-command\\r\\n\",\"status\":\"COMPLETED\",\"updatedAt\":\"2023-08-05T17:52:50.035Z\",\"createdAt\":\"2023-08-05T17:52:50.035Z\"}","timestamp":"2023-08-05T17:52:50.096Z"}
{"level":"info","message":"Added the execution log: {\"id\":13,\"taskId\":2,\"scheduledTime\":\"2023-08-05T00:00:00.000Z\",\"completionTime\":\"2023-08-05T17:52:50.035Z\",\"output\":\"test-command\\r\\n\",\"status\":\"COMPLETED\",\"updatedAt\":\"2023-08-05T17:52:50.035Z\",\"createdAt\":\"2023-08-05T17:52:50.035Z\"}","timestamp":"2023-08-05T17:52:50.097Z"}
{"level":"info","message":"Added the execution log: {\"id\":14,\"taskId\":2,\"scheduledTime\":\"2023-08-05T08:00:00.000Z\",\"completionTime\":\"2023-08-05T17:52:50.035Z\",\"output\":\"test-command\\r\\n\",\"status\":\"COMPLETED\",\"updatedAt\":\"2023-08-05T17:52:50.035Z\",\"createdAt\":\"2023-08-05T17:52:50.035Z\"}","timestamp":"2023-08-05T17:52:50.098Z"}
{"level":"info","message":"Added the execution log: {\"id\":15,\"taskId\":2,\"scheduledTime\":\"2023-08-05T04:00:00.000Z\",\"completionTime\":\"2023-08-05T17:52:50.035Z\",\"output\":\"test-command\\r\\n\",\"status\":\"COMPLETED\",\"updatedAt\":\"2023-08-05T17:52:50.035Z\",\"createdAt\":\"2023-08-05T17:52:50.035Z\"}","timestamp":"2023-08-05T17:52:50.098Z"}
{"level":"info","message":"Added the execution log: {\"id\":16,\"taskId\":2,\"scheduledTime\":\"2023-08-05T09:00:00.000Z\",\"completionTime\":\"2023-08-05T17:52:50.035Z\",\"output\":\"test-command\\r\\n\",\"status\":\"COMPLETED\",\"updatedAt\":\"2023-08-05T17:52:50.035Z\",\"createdAt\":\"2023-08-05T17:52:50.035Z\"}","timestamp":"2023-08-05T17:52:50.099Z"}
{"level":"info","message":"Added the execution log: {\"id\":17,\"taskId\":2,\"scheduledTime\":\"2023-08-05T11:00:00.000Z\",\"completionTime\":\"2023-08-05T17:52:50.035Z\",\"output\":\"test-command\\r\\n\",\"status\":\"COMPLETED\",\"updatedAt\":\"2023-08-05T17:52:50.036Z\",\"createdAt\":\"2023-08-05T17:52:50.036Z\"}","timestamp":"2023-08-05T17:52:50.099Z"}
{"level":"info","message":"Added the execution log: {\"id\":18,\"taskId\":2,\"scheduledTime\":\"2023-08-05T14:00:00.000Z\",\"completionTime\":\"2023-08-05T17:52:50.060Z\",\"output\":\"test-command\\r\\n\",\"status\":\"COMPLETED\",\"updatedAt\":\"2023-08-05T17:52:50.060Z\",\"createdAt\":\"2023-08-05T17:52:50.060Z\"}","timestamp":"2023-08-05T17:52:50.100Z"}
