2023-08-06T17:05:36.128Z [info] undefined - Dequeueing task: {"id":1,"name":"task1","dateTime":"2023-08-06T17:05:35.992Z","command":"echo hello","executeOnce":true,"updatedAt":"2023-08-06T17:05:35.996Z","createdAt":"2023-08-06T17:05:35.996Z"} from queue add_tasks_queue
2023-08-06T17:05:36.130Z [info] getPresentDayJobs (C:\Users\Swastik Sahoo\Desktop\Chronos\job-manager\src\services\job.service.js:73:12) - Created the following jobs from task: [object Object] - jobs: [{"taskId":1,"dateTime":"2023-08-06T17:05:35.992Z","command":"echo hello"}] 
2023-08-06T17:05:36.132Z [info] addJobsService (C:\Users\Swastik Sahoo\Desktop\Chronos\job-manager\src\services\task.consumer.js:10:12) - Following jobs are being created for the task: {"id":1,"name":"task1","dateTime":"2023-08-06T17:05:35.992Z","command":"echo hello","executeOnce":true,"updatedAt":"2023-08-06T17:05:35.996Z","createdAt":"2023-08-06T17:05:35.996Z"}: Jobs: [{"taskId":1,"dateTime":"2023-08-06T17:05:35.992Z","command":"echo hello"}]
2023-08-06T17:05:36.140Z [info] undefined - Added job {"id":"lkzp2xl0-ijcyq","taskId":1,"dateTime":"2023-08-06T17:05:35.992Z","command":"echo hello","retries":0} to redis with TTL: 1 second
2023-08-06T17:05:37.184Z [info] undefined - Expired redis key: notifier#lkzp2xl0-ijcyq
2023-08-06T17:05:37.246Z [info] enqueueJobs (C:\Users\Swastik Sahoo\Desktop\Chronos\job-manager\src\services\jobs.enqueuer.js:28:12) - Enqueueing the job {"id":"lkzp2xl0-ijcyq","taskId":1,"dateTime":"2023-08-06T17:05:35.992Z","command":"echo hello","retries":0} to queue jobs_queue
2023-08-06T17:07:11.500Z [info] undefined - Dequeueing task: {"id":2,"name":"task2","dateTime":"2023-08-06T23:00:00.000Z","command":"echo hello","executeOnce":true,"updatedAt":"2023-08-06T17:07:11.429Z","createdAt":"2023-08-06T17:07:11.429Z"} from queue add_tasks_queue
2023-08-06T17:07:11.502Z [info] getPresentDayJobs (C:\Users\Swastik Sahoo\Desktop\Chronos\job-manager\src\services\job.service.js:73:12) - Created the following jobs from task: [object Object] - jobs: [{"taskId":2,"dateTime":"2023-08-06T23:00:00.000Z","command":"echo hello"}] 
2023-08-06T17:07:11.504Z [info] addJobsService (C:\Users\Swastik Sahoo\Desktop\Chronos\job-manager\src\services\task.consumer.js:10:12) - Following jobs are being created for the task: {"id":2,"name":"task2","dateTime":"2023-08-06T23:00:00.000Z","command":"echo hello","executeOnce":true,"updatedAt":"2023-08-06T17:07:11.429Z","createdAt":"2023-08-06T17:07:11.429Z"}: Jobs: [{"taskId":2,"dateTime":"2023-08-06T23:00:00.000Z","command":"echo hello"}]
2023-08-06T17:07:11.504Z [info] undefined - Added job {"id":"lkzp4z68-q33aj","taskId":2,"dateTime":"2023-08-06T23:00:00.000Z","command":"echo hello","retries":0} to redis with TTL: 21168 seconds
2023-08-06T17:08:00.077Z [info] undefined - Dequeueing task: {"id":3,"name":"task3","cronString":"0 * 06 08 *","command":"echo hello","executeOnce":false,"updatedAt":"2023-08-06T17:07:59.995Z","createdAt":"2023-08-06T17:07:59.995Z"} from queue add_tasks_queue
2023-08-06T17:08:00.081Z [info] getPresentDayJobs (C:\Users\Swastik Sahoo\Desktop\Chronos\job-manager\src\services\job.service.js:73:12) - Created the following jobs from task: [object Object] - jobs: [{"taskId":3,"dateTime":"2023-08-06T18:00:00Z","command":"echo hello"},{"taskId":3,"dateTime":"2023-08-06T19:00:00Z","command":"echo hello"},{"taskId":3,"dateTime":"2023-08-06T20:00:00Z","command":"echo hello"},{"taskId":3,"dateTime":"2023-08-06T21:00:00Z","command":"echo hello"},{"taskId":3,"dateTime":"2023-08-06T22:00:00Z","command":"echo hello"},{"taskId":3,"dateTime":"2023-08-06T23:00:00Z","command":"echo hello"}] 
2023-08-06T17:08:00.082Z [info] addJobsService (C:\Users\Swastik Sahoo\Desktop\Chronos\job-manager\src\services\task.consumer.js:10:12) - Following jobs are being created for the task: {"id":3,"name":"task3","cronString":"0 * 06 08 *","command":"echo hello","executeOnce":false,"updatedAt":"2023-08-06T17:07:59.995Z","createdAt":"2023-08-06T17:07:59.995Z"}: Jobs: [{"taskId":3,"dateTime":"2023-08-06T18:00:00Z","command":"echo hello"},{"taskId":3,"dateTime":"2023-08-06T19:00:00Z","command":"echo hello"},{"taskId":3,"dateTime":"2023-08-06T20:00:00Z","command":"echo hello"},{"taskId":3,"dateTime":"2023-08-06T21:00:00Z","command":"echo hello"},{"taskId":3,"dateTime":"2023-08-06T22:00:00Z","command":"echo hello"},{"taskId":3,"dateTime":"2023-08-06T23:00:00Z","command":"echo hello"}]
2023-08-06T17:08:00.083Z [info] undefined - Added job {"id":"lkzp60nm-zw97a","taskId":3,"dateTime":"2023-08-06T18:00:00Z","command":"echo hello","retries":0} to redis with TTL: 3119 seconds
2023-08-06T17:08:00.084Z [info] undefined - Added job {"id":"lkzp60nm-crj5j","taskId":3,"dateTime":"2023-08-06T19:00:00Z","command":"echo hello","retries":0} to redis with TTL: 6719 seconds
2023-08-06T17:08:00.087Z [info] undefined - Added job {"id":"lkzp60nm-v2kfx","taskId":3,"dateTime":"2023-08-06T20:00:00Z","command":"echo hello","retries":0} to redis with TTL: 10319 seconds
2023-08-06T17:08:00.088Z [info] undefined - Added job {"id":"lkzp60nm-4xuzw","taskId":3,"dateTime":"2023-08-06T21:00:00Z","command":"echo hello","retries":0} to redis with TTL: 13919 seconds
2023-08-06T17:08:00.089Z [info] undefined - Added job {"id":"lkzp60nm-niqdk","taskId":3,"dateTime":"2023-08-06T22:00:00Z","command":"echo hello","retries":0} to redis with TTL: 17519 seconds
2023-08-06T17:08:00.090Z [info] undefined - Added job {"id":"lkzp60nm-twmpe","taskId":3,"dateTime":"2023-08-06T23:00:00Z","command":"echo hello","retries":0} to redis with TTL: 21119 seconds
2023-08-06T17:08:50.171Z [info] undefined - Dequeueing task: {"id":3,"name":"modified task","cronString":"0 * 06 08 *","executeOnce":false,"dateTime":null,"command":"echo command323","createdAt":"2023-08-06T17:07:59.000Z","updatedAt":"2023-08-06T17:08:50.095Z"} from queue update_tasks_queue
2023-08-06T17:08:50.177Z [info] deleteJobsService (C:\Users\Swastik Sahoo\Desktop\Chronos\job-manager\src\services\task.consumer.js:34:12) - Following jobs are being deleted for the task: 3: Job Ids: ["lkzp60nm-crj5j","lkzp60nm-zw97a","lkzp60nm-v2kfx","lkzp60nm-4xuzw","lkzp60nm-niqdk","lkzp60nm-twmpe"]
2023-08-06T17:08:50.179Z [info] getPresentDayJobs (C:\Users\Swastik Sahoo\Desktop\Chronos\job-manager\src\services\job.service.js:73:12) - Created the following jobs from task: [object Object] - jobs: [{"taskId":3,"dateTime":"2023-08-06T18:00:00Z","command":"echo command323"},{"taskId":3,"dateTime":"2023-08-06T19:00:00Z","command":"echo command323"},{"taskId":3,"dateTime":"2023-08-06T20:00:00Z","command":"echo command323"},{"taskId":3,"dateTime":"2023-08-06T21:00:00Z","command":"echo command323"},{"taskId":3,"dateTime":"2023-08-06T22:00:00Z","command":"echo command323"},{"taskId":3,"dateTime":"2023-08-06T23:00:00Z","command":"echo command323"}] 
2023-08-06T17:08:50.181Z [info] addJobsService (C:\Users\Swastik Sahoo\Desktop\Chronos\job-manager\src\services\task.consumer.js:10:12) - Following jobs are being created for the task: {"id":3,"name":"modified task","cronString":"0 * 06 08 *","executeOnce":false,"dateTime":null,"command":"echo command323","createdAt":"2023-08-06T17:07:59.000Z","updatedAt":"2023-08-06T17:08:50.095Z"}: Jobs: [{"taskId":3,"dateTime":"2023-08-06T18:00:00Z","command":"echo command323"},{"taskId":3,"dateTime":"2023-08-06T19:00:00Z","command":"echo command323"},{"taskId":3,"dateTime":"2023-08-06T20:00:00Z","command":"echo command323"},{"taskId":3,"dateTime":"2023-08-06T21:00:00Z","command":"echo command323"},{"taskId":3,"dateTime":"2023-08-06T22:00:00Z","command":"echo command323"},{"taskId":3,"dateTime":"2023-08-06T23:00:00Z","command":"echo command323"}]
2023-08-06T17:08:50.182Z [info] undefined - Added job {"id":"lkzp73b9-1qvb7","taskId":3,"dateTime":"2023-08-06T18:00:00Z","command":"echo command323","retries":0} to redis with TTL: 3069 seconds
2023-08-06T17:08:50.183Z [info] undefined - Added job {"id":"lkzp73b9-bxmiw","taskId":3,"dateTime":"2023-08-06T19:00:00Z","command":"echo command323","retries":0} to redis with TTL: 6669 seconds
2023-08-06T17:08:50.184Z [info] undefined - Added job {"id":"lkzp73b9-zk50j","taskId":3,"dateTime":"2023-08-06T20:00:00Z","command":"echo command323","retries":0} to redis with TTL: 10269 seconds
2023-08-06T17:08:50.185Z [info] undefined - Added job {"id":"lkzp73b9-uzu3x","taskId":3,"dateTime":"2023-08-06T21:00:00Z","command":"echo command323","retries":0} to redis with TTL: 13869 seconds
2023-08-06T17:08:50.188Z [info] undefined - Added job {"id":"lkzp73b9-d9ddo","taskId":3,"dateTime":"2023-08-06T22:00:00Z","command":"echo command323","retries":0} to redis with TTL: 17469 seconds
2023-08-06T17:08:50.189Z [info] undefined - Added job {"id":"lkzp73b9-b3jgz","taskId":3,"dateTime":"2023-08-06T23:00:00Z","command":"echo command323","retries":0} to redis with TTL: 21069 seconds
2023-08-06T17:09:22.019Z [info] undefined - Dequeueing task with task id: 3 from queue delete_tasks_queue
2023-08-06T17:09:22.027Z [info] deleteJobsService (C:\Users\Swastik Sahoo\Desktop\Chronos\job-manager\src\services\task.consumer.js:34:12) - Following jobs are being deleted for the task: 3: Job Ids: ["lkzp73b9-zk50j","lkzp73b9-b3jgz","lkzp73b9-1qvb7","lkzp73b9-uzu3x","lkzp73b9-bxmiw","lkzp73b9-d9ddo"]
2023-08-06T17:09:52.346Z [info] undefined - Dequeueing task: {"id":4,"name":"task4","cronString":"0 * 06 08 *","command":"echo hello","executeOnce":false,"updatedAt":"2023-08-06T17:09:52.269Z","createdAt":"2023-08-06T17:09:52.269Z"} from queue add_tasks_queue
2023-08-06T17:09:52.349Z [info] getPresentDayJobs (C:\Users\Swastik Sahoo\Desktop\Chronos\job-manager\src\services\job.service.js:73:12) - Created the following jobs from task: [object Object] - jobs: [{"taskId":4,"dateTime":"2023-08-06T18:00:00Z","command":"echo hello"},{"taskId":4,"dateTime":"2023-08-06T19:00:00Z","command":"echo hello"},{"taskId":4,"dateTime":"2023-08-06T20:00:00Z","command":"echo hello"},{"taskId":4,"dateTime":"2023-08-06T21:00:00Z","command":"echo hello"},{"taskId":4,"dateTime":"2023-08-06T22:00:00Z","command":"echo hello"},{"taskId":4,"dateTime":"2023-08-06T23:00:00Z","command":"echo hello"}] 
2023-08-06T17:09:52.352Z [info] addJobsService (C:\Users\Swastik Sahoo\Desktop\Chronos\job-manager\src\services\task.consumer.js:10:12) - Following jobs are being created for the task: {"id":4,"name":"task4","cronString":"0 * 06 08 *","command":"echo hello","executeOnce":false,"updatedAt":"2023-08-06T17:09:52.269Z","createdAt":"2023-08-06T17:09:52.269Z"}: Jobs: [{"taskId":4,"dateTime":"2023-08-06T18:00:00Z","command":"echo hello"},{"taskId":4,"dateTime":"2023-08-06T19:00:00Z","command":"echo hello"},{"taskId":4,"dateTime":"2023-08-06T20:00:00Z","command":"echo hello"},{"taskId":4,"dateTime":"2023-08-06T21:00:00Z","command":"echo hello"},{"taskId":4,"dateTime":"2023-08-06T22:00:00Z","command":"echo hello"},{"taskId":4,"dateTime":"2023-08-06T23:00:00Z","command":"echo hello"}]
2023-08-06T17:09:52.353Z [info] undefined - Added job {"id":"lkzp8fa8-pw1wj","taskId":4,"dateTime":"2023-08-06T18:00:00Z","command":"echo hello","retries":0} to redis with TTL: 3007 seconds
2023-08-06T17:09:52.354Z [info] undefined - Added job {"id":"lkzp8fa8-sbmd2","taskId":4,"dateTime":"2023-08-06T19:00:00Z","command":"echo hello","retries":0} to redis with TTL: 6607 seconds
2023-08-06T17:09:52.355Z [info] undefined - Added job {"id":"lkzp8fa8-fw4jo","taskId":4,"dateTime":"2023-08-06T20:00:00Z","command":"echo hello","retries":0} to redis with TTL: 10207 seconds
2023-08-06T17:09:52.356Z [info] undefined - Added job {"id":"lkzp8fa8-ty0l9","taskId":4,"dateTime":"2023-08-06T21:00:00Z","command":"echo hello","retries":0} to redis with TTL: 13807 seconds
2023-08-06T17:09:52.356Z [info] undefined - Added job {"id":"lkzp8fa8-x840u","taskId":4,"dateTime":"2023-08-06T22:00:00Z","command":"echo hello","retries":0} to redis with TTL: 17407 seconds
2023-08-06T17:09:52.357Z [info] undefined - Added job {"id":"lkzp8fa8-l35ee","taskId":4,"dateTime":"2023-08-06T23:00:00Z","command":"echo hello","retries":0} to redis with TTL: 21007 seconds
2023-08-06T17:10:45.851Z [info] undefined - Dequeueing task: {"id":6,"name":"task5","dateTime":"2023-08-06T17:10:45.779Z","command":"aaecho hello","executeOnce":true,"updatedAt":"2023-08-06T17:10:45.780Z","createdAt":"2023-08-06T17:10:45.780Z"} from queue add_tasks_queue
2023-08-06T17:10:45.852Z [info] getPresentDayJobs (C:\Users\Swastik Sahoo\Desktop\Chronos\job-manager\src\services\job.service.js:73:12) - Created the following jobs from task: [object Object] - jobs: [{"taskId":6,"dateTime":"2023-08-06T17:10:45.779Z","command":"aaecho hello"}] 
2023-08-06T17:10:45.854Z [info] addJobsService (C:\Users\Swastik Sahoo\Desktop\Chronos\job-manager\src\services\task.consumer.js:10:12) - Following jobs are being created for the task: {"id":6,"name":"task5","dateTime":"2023-08-06T17:10:45.779Z","command":"aaecho hello","executeOnce":true,"updatedAt":"2023-08-06T17:10:45.780Z","createdAt":"2023-08-06T17:10:45.780Z"}: Jobs: [{"taskId":6,"dateTime":"2023-08-06T17:10:45.779Z","command":"aaecho hello"}]
2023-08-06T17:10:45.861Z [info] undefined - Added job {"id":"lkzp9kke-gwf4q","taskId":6,"dateTime":"2023-08-06T17:10:45.779Z","command":"aaecho hello","retries":0} to redis with TTL: 1 second
2023-08-06T17:10:46.899Z [info] undefined - Expired redis key: notifier#lkzp9kke-gwf4q
2023-08-06T17:10:46.956Z [info] enqueueJobs (C:\Users\Swastik Sahoo\Desktop\Chronos\job-manager\src\services\jobs.enqueuer.js:28:12) - Enqueueing the job {"id":"lkzp9kke-gwf4q","taskId":6,"dateTime":"2023-08-06T17:10:45.779Z","command":"aaecho hello","retries":0} to queue jobs_queue
2023-08-06T17:10:48.003Z [info] undefined - Expired redis key: notifier#lkzp9kke-gwf4q
2023-08-06T17:10:48.056Z [info] enqueueJobs (C:\Users\Swastik Sahoo\Desktop\Chronos\job-manager\src\services\jobs.enqueuer.js:28:12) - Enqueueing the job {"id":"lkzp9kke-gwf4q","taskId":6,"dateTime":"2023-08-06T17:10:45.779Z","command":"aaecho hello","retries":1} to queue jobs_queue
2023-08-06T17:10:49.107Z [info] undefined - Expired redis key: notifier#lkzp9kke-gwf4q
2023-08-06T17:10:49.166Z [info] enqueueJobs (C:\Users\Swastik Sahoo\Desktop\Chronos\job-manager\src\services\jobs.enqueuer.js:28:12) - Enqueueing the job {"id":"lkzp9kke-gwf4q","taskId":6,"dateTime":"2023-08-06T17:10:45.779Z","command":"aaecho hello","retries":2} to queue jobs_queue
