2023-08-06T17:05:36.040Z [info] Object.addTask (C:\Users\Swastik Sahoo\Desktop\Chronos\task-manager\src\services\task.service.js:40:12) - Task added: {"id":1,"name":"task1","dateTime":"2023-08-06T17:05:35.992Z","command":"echo hello","executeOnce":true,"updatedAt":"2023-08-06T17:05:35.996Z","createdAt":"2023-08-06T17:05:35.996Z"}
2023-08-06T17:05:36.122Z [info] undefined - Enqueueing task {"id":1,"name":"task1","dateTime":"2023-08-06T17:05:35.992Z","command":"echo hello","executeOnce":true,"updatedAt":"2023-08-06T17:05:35.996Z","createdAt":"2023-08-06T17:05:35.996Z"} to queue add_tasks_queue
2023-08-06T17:05:36.183Z [info] Object.write (C:\Users\Swastik Sahoo\Desktop\Chronos\task-manager\logger.js:42:12) - [0mPOST /api/task [32m201[0m 187.937 ms - 181[0m
2023-08-06T17:07:11.443Z [info] Object.addTask (C:\Users\Swastik Sahoo\Desktop\Chronos\task-manager\src\services\task.service.js:40:12) - Task added: {"id":2,"name":"task2","dateTime":"2023-08-06T23:00:00.000Z","command":"echo hello","executeOnce":true,"updatedAt":"2023-08-06T17:07:11.429Z","createdAt":"2023-08-06T17:07:11.429Z"}
2023-08-06T17:07:11.497Z [info] undefined - Enqueueing task {"id":2,"name":"task2","dateTime":"2023-08-06T23:00:00.000Z","command":"echo hello","executeOnce":true,"updatedAt":"2023-08-06T17:07:11.429Z","createdAt":"2023-08-06T17:07:11.429Z"} to queue add_tasks_queue
2023-08-06T17:07:11.546Z [info] Object.write (C:\Users\Swastik Sahoo\Desktop\Chronos\task-manager\logger.js:42:12) - [0mPOST /api/task [32m201[0m 116.440 ms - 181[0m
2023-08-06T17:08:00.009Z [info] Object.addTask (C:\Users\Swastik Sahoo\Desktop\Chronos\task-manager\src\services\task.service.js:40:12) - Task added: {"id":3,"name":"task3","cronString":"0 * 06 08 *","command":"echo hello","executeOnce":false,"updatedAt":"2023-08-06T17:07:59.995Z","createdAt":"2023-08-06T17:07:59.995Z"}
2023-08-06T17:08:00.072Z [info] undefined - Enqueueing task {"id":3,"name":"task3","cronString":"0 * 06 08 *","command":"echo hello","executeOnce":false,"updatedAt":"2023-08-06T17:07:59.995Z","createdAt":"2023-08-06T17:07:59.995Z"} to queue add_tasks_queue
2023-08-06T17:08:00.126Z [info] Object.write (C:\Users\Swastik Sahoo\Desktop\Chronos\task-manager\logger.js:42:12) - [0mPOST /api/task [32m201[0m 130.744 ms - 171[0m
2023-08-06T17:08:50.107Z [info] Object.updateTaskById (C:\Users\Swastik Sahoo\Desktop\Chronos\task-manager\src\services\task.service.js:97:12) - Task with task id 3 updated to {"id":3,"name":"modified task","cronString":"0 * 06 08 *","executeOnce":false,"dateTime":null,"command":"echo command323","createdAt":"2023-08-06T17:07:59.000Z","updatedAt":"2023-08-06T17:08:50.095Z"}
2023-08-06T17:08:50.167Z [info] undefined - Enqueueing task {"id":3,"name":"modified task","cronString":"0 * 06 08 *","executeOnce":false,"dateTime":null,"command":"echo command323","createdAt":"2023-08-06T17:07:59.000Z","updatedAt":"2023-08-06T17:08:50.095Z"} to queue update_tasks_queue
2023-08-06T17:08:50.225Z [info] Object.write (C:\Users\Swastik Sahoo\Desktop\Chronos\task-manager\logger.js:42:12) - [0mPUT /api/task/3 [32m200[0m 156.823 ms - 200[0m
2023-08-06T17:09:21.957Z [info] Object.deleteTaskById (C:\Users\Swastik Sahoo\Desktop\Chronos\task-manager\src\services\task.service.js:114:12) - Task deleted: 1
2023-08-06T17:09:22.018Z [info] undefined - Enqueueing task "3" to queue delete_tasks_queue
2023-08-06T17:09:22.067Z [info] Object.write (C:\Users\Swastik Sahoo\Desktop\Chronos\task-manager\logger.js:42:12) - [0mDELETE /api/task/3 [32m200[0m 121.373 ms - 40[0m
2023-08-06T17:09:52.284Z [info] Object.addTask (C:\Users\Swastik Sahoo\Desktop\Chronos\task-manager\src\services\task.service.js:40:12) - Task added: {"id":4,"name":"task4","cronString":"0 * 06 08 *","command":"echo hello","executeOnce":false,"updatedAt":"2023-08-06T17:09:52.269Z","createdAt":"2023-08-06T17:09:52.269Z"}
2023-08-06T17:09:52.342Z [info] undefined - Enqueueing task {"id":4,"name":"task4","cronString":"0 * 06 08 *","command":"echo hello","executeOnce":false,"updatedAt":"2023-08-06T17:09:52.269Z","createdAt":"2023-08-06T17:09:52.269Z"} to queue add_tasks_queue
2023-08-06T17:09:52.396Z [info] Object.write (C:\Users\Swastik Sahoo\Desktop\Chronos\task-manager\logger.js:42:12) - [0mPOST /api/task [32m201[0m 126.646 ms - 171[0m
2023-08-06T17:10:04.613Z [info] Object.getLast5Jobs (C:\Users\Swastik Sahoo\Desktop\Chronos\task-manager\src\services\job.service.js:16:12) - Fetched last 5 jobs for the task 4: []
2023-08-06T17:10:04.619Z [info] Object.getNext5Jobs (C:\Users\Swastik Sahoo\Desktop\Chronos\task-manager\src\services\job.service.js:59:12) - Fetched next 5 jobs for the task 4: [{"id":"lkzp8fa8-pw1wj","taskId":4,"dateTime":"2023-08-06T18:00:00.000Z","command":"echo hello","retries":0},{"id":"lkzp8fa8-sbmd2","taskId":4,"dateTime":"2023-08-06T19:00:00.000Z","command":"echo hello","retries":0},{"id":"lkzp8fa8-fw4jo","taskId":4,"dateTime":"2023-08-06T20:00:00.000Z","command":"echo hello","retries":0},{"id":"lkzp8fa8-ty0l9","taskId":4,"dateTime":"2023-08-06T21:00:00.000Z","command":"echo hello","retries":0},{"id":"lkzp8fa8-x840u","taskId":4,"dateTime":"2023-08-06T22:00:00.000Z","command":"echo hello","retries":0}]
2023-08-06T17:10:04.621Z [info] Object.write (C:\Users\Swastik Sahoo\Desktop\Chronos\task-manager\logger.js:42:12) - [0mGET /api/task/prev-and-next-5-jobs/4 [32m200[0m 31.748 ms - 568[0m
2023-08-06T17:10:38.731Z [error] Object.addTask (C:\Users\Swastik Sahoo\Desktop\Chronos\task-manager\src\services\task.service.js:45:12) - Error adding task:SequelizeUniqueConstraintError: Validation error
2023-08-06T17:10:38.733Z [error] addTaskController (C:\Users\Swastik Sahoo\Desktop\Chronos\task-manager\src\controllers\task.controller.js:24:12) - Error adding task:SequelizeUniqueConstraintError: Validation error
2023-08-06T17:10:38.736Z [info] Object.write (C:\Users\Swastik Sahoo\Desktop\Chronos\task-manager\logger.js:42:12) - [0mPOST /api/task [31m500[0m 16.209 ms - 105[0m
2023-08-06T17:10:45.788Z [info] Object.addTask (C:\Users\Swastik Sahoo\Desktop\Chronos\task-manager\src\services\task.service.js:40:12) - Task added: {"id":6,"name":"task5","dateTime":"2023-08-06T17:10:45.779Z","command":"aaecho hello","executeOnce":true,"updatedAt":"2023-08-06T17:10:45.780Z","createdAt":"2023-08-06T17:10:45.780Z"}
2023-08-06T17:10:45.846Z [info] undefined - Enqueueing task {"id":6,"name":"task5","dateTime":"2023-08-06T17:10:45.779Z","command":"aaecho hello","executeOnce":true,"updatedAt":"2023-08-06T17:10:45.780Z","createdAt":"2023-08-06T17:10:45.780Z"} to queue add_tasks_queue
2023-08-06T17:10:45.897Z [info] Object.write (C:\Users\Swastik Sahoo\Desktop\Chronos\task-manager\logger.js:42:12) - [0mPOST /api/task [32m201[0m 115.835 ms - 183[0m
2023-08-06T19:22:58.547Z [info] Server.<anonymous> (C:\Users\Swastik Sahoo\Desktop\Chronos\task-manager\index.js:24:10) - Server is running at http://localhost:3000
